<?xml version="1.0" encoding="UTF-8"?>
<!-- Generated by org.testng.reporters.JUnitReportReporter -->
<testsuite hostname="DESKTOP-S76SA9N" failures="0" tests="1" name="com.nexsoft.runner.NewEventRunner" time="35.998" errors="1" timestamp="2022-06-23T20:44:01 ICT" skipped="0">
  <testcase classname="com.nexsoft.runner.NewEventRunner" name="runScenario" time="35.998">
    <error message="An element could not be located on the page using the given search parameters.
For documentation on this error, please visit: https://selenium.dev/exceptions/#no_such_element
Build info: version: &#039;4.2.2&#039;, revision: &#039;683ccb65d6&#039;
System info: host: &#039;DESKTOP-S76SA9N&#039;, ip: &#039;192.168.1.164&#039;, os.name: &#039;Windows 11&#039;, os.arch: &#039;amd64&#039;, os.version: &#039;10.0&#039;, java.version: &#039;11.0.15&#039;
Driver info: io.appium.java_client.android.AndroidDriver
Command: [a39dce57-fd68-4b8f-8063-b829a76f8bfb, findElement {using=xpath, value=/hierarchy/android.widget.FrameLayout/android.widget.FrameLayout/android.widget.FrameLayout/android.widget.LinearLayout/android.widget.FrameLayout/android.widget.ListView/android.widget.CheckedTextView[1]}]
Capabilities {appium:appActivity: com.apozas.contactdiary.Mai..., appium:appPackage: com.apozas.contactdiary, appium:databaseEnabled: false, appium:desired: {appActivity: com.apozas.contactdiary.Mai..., appPackage: com.apozas.contactdiary, platformName: android, platformVersion: 11, uid: 52c5c997}, appium:deviceApiLevel: 30, appium:deviceManufacturer: Xiaomi, appium:deviceModel: Redmi Note 9 Pro, appium:deviceName: 52c5c997, appium:deviceScreenDensity: 440, appium:deviceScreenSize: 1080x2400, appium:deviceUDID: 52c5c997, appium:javascriptEnabled: true, appium:locationContextEnabled: false, appium:networkConnectionEnabled: true, appium:pixelRatio: 2.75, appium:platformVersion: 11, appium:statBarHeight: 102, appium:takesScreenshot: true, appium:uid: 52c5c997, appium:viewportRect: {height: 2152, left: 0, top: 102, width: 1080}, appium:warnings: {}, appium:webStorageEnabled: false, platformName: ANDROID}
Session ID: a39dce57-fd68-4b8f-8063-b829a76f8bfb" type="org.openqa.selenium.NoSuchElementException">
      <![CDATA[org.openqa.selenium.NoSuchElementException: An element could not be located on the page using the given search parameters.
For documentation on this error, please visit: https://selenium.dev/exceptions/#no_such_element
Build info: version: '4.2.2', revision: '683ccb65d6'
System info: host: 'DESKTOP-S76SA9N', ip: '192.168.1.164', os.name: 'Windows 11', os.arch: 'amd64', os.version: '10.0', java.version: '11.0.15'
Driver info: io.appium.java_client.android.AndroidDriver
Command: [a39dce57-fd68-4b8f-8063-b829a76f8bfb, findElement {using=xpath, value=/hierarchy/android.widget.FrameLayout/android.widget.FrameLayout/android.widget.FrameLayout/android.widget.LinearLayout/android.widget.FrameLayout/android.widget.ListView/android.widget.CheckedTextView[1]}]
Capabilities {appium:appActivity: com.apozas.contactdiary.Mai..., appium:appPackage: com.apozas.contactdiary, appium:databaseEnabled: false, appium:desired: {appActivity: com.apozas.contactdiary.Mai..., appPackage: com.apozas.contactdiary, platformName: android, platformVersion: 11, uid: 52c5c997}, appium:deviceApiLevel: 30, appium:deviceManufacturer: Xiaomi, appium:deviceModel: Redmi Note 9 Pro, appium:deviceName: 52c5c997, appium:deviceScreenDensity: 440, appium:deviceScreenSize: 1080x2400, appium:deviceUDID: 52c5c997, appium:javascriptEnabled: true, appium:locationContextEnabled: false, appium:networkConnectionEnabled: true, appium:pixelRatio: 2.75, appium:platformVersion: 11, appium:statBarHeight: 102, appium:takesScreenshot: true, appium:uid: 52c5c997, appium:viewportRect: {height: 2152, left: 0, top: 102, width: 1080}, appium:warnings: {}, appium:webStorageEnabled: false, platformName: ANDROID}
Session ID: a39dce57-fd68-4b8f-8063-b829a76f8bfb
at java.base/jdk.internal.reflect.NativeConstructorAccessorImpl.newInstance0(Native Method)
at java.base/jdk.internal.reflect.NativeConstructorAccessorImpl.newInstance(NativeConstructorAccessorImpl.java:62)
at java.base/jdk.internal.reflect.DelegatingConstructorAccessorImpl.newInstance(DelegatingConstructorAccessorImpl.java:45)
at java.base/java.lang.reflect.Constructor.newInstance(Constructor.java:490)
at org.openqa.selenium.remote.codec.w3c.W3CHttpResponseCodec.createException(W3CHttpResponseCodec.java:200)
at org.openqa.selenium.remote.codec.w3c.W3CHttpResponseCodec.decode(W3CHttpResponseCodec.java:133)
at org.openqa.selenium.remote.codec.w3c.W3CHttpResponseCodec.decode(W3CHttpResponseCodec.java:53)
at org.openqa.selenium.remote.HttpCommandExecutor.execute(HttpCommandExecutor.java:184)
at io.appium.java_client.remote.AppiumCommandExecutor.execute(AppiumCommandExecutor.java:180)
at org.openqa.selenium.remote.RemoteWebDriver.execute(RemoteWebDriver.java:588)
at org.openqa.selenium.remote.ElementLocation$ElementFinder$2.findElement(ElementLocation.java:162)
at org.openqa.selenium.remote.ElementLocation.findElement(ElementLocation.java:60)
at org.openqa.selenium.remote.RemoteWebDriver.findElement(RemoteWebDriver.java:406)
at org.openqa.selenium.remote.RemoteWebDriver.findElement(RemoteWebDriver.java:398)
at com.nexsoft.pom.activity.NewEventActivity.setMitigation(NewEventActivity.java:92)
at com.nexsoft.definition.NewEventDefine.inputPeopleAndPhone(NewEventDefine.java:101)
at âœ½.User choose encounter type and prevention type(file:///D:/Project/Java/TestNG/ContactDiary/src/test/resources/NewEvent.feature:12)
]]>
    </error>
  </testcase> <!-- runScenario -->
  <system-out/>
</testsuite> <!-- com.nexsoft.runner.NewEventRunner -->
