<?xml version="1.0" encoding="UTF-8"?>
<!-- Generated by org.testng.reporters.JUnitReportReporter -->
<testsuite hostname="DESKTOP-S76SA9N" failures="0" tests="1" name="com.nexsoft.runner.NewEventRunner" time="34.317" errors="0" timestamp="2022-06-23T23:39:36 ICT" skipped="0">
  <testcase classname="com.nexsoft.runner.NewEventRunner" name="runScenario" time="34.317"/>
  <system-out/>
</testsuite> <!-- com.nexsoft.runner.NewEventRunner -->
