<?xml version="1.0" encoding="UTF-8"?>
<!-- Generated by org.testng.reporters.JUnitReportReporter -->
<testsuite hostname="DESKTOP-S76SA9N" failures="0" tests="1" name="com.nexsoft.test.CameraTestTest" time="9.468" errors="0" timestamp="2022-06-23T13:21:29 ICT" skipped="0">
  <testcase classname="com.nexsoft.test.CameraTestTest" name="createScreenshotTest" time="9.468"/>
  <system-out/>
</testsuite> <!-- com.nexsoft.test.CameraTestTest -->
