<?xml version="1.0" encoding="UTF-8"?>
<!-- Generated by org.testng.reporters.JUnitReportReporter -->
<testsuite hostname="DESKTOP-S76SA9N" failures="0" tests="5" name="com.nexsoft.test.CreateEventTest" time="35.362" errors="0" timestamp="2022-06-23T20:29:55 ICT" skipped="1">
  <testcase classname="com.nexsoft.test.CreateEventTest" name="createEvent1" time="16.541"/>
  <system-out/>
  <testcase classname="com.nexsoft.test.CreateEventTest" name="createEvent2" time="17.279"/>
  <system-out/>
  <testcase classname="com.nexsoft.test.CreateEventTest" name="getEventName" time="1.474"/>
  <system-out/>
  <testcase classname="com.nexsoft.test.CreateEventTest" name="getEventListName" time="0.068"/>
  <system-out/>
  <testcase classname="com.nexsoft.test.CreateEventTest" name="createEventTest">
    <skipped/>
  </testcase> <!-- createEventTest -->
  <system-out/>
</testsuite> <!-- com.nexsoft.test.CreateEventTest -->
