<?xml version="1.0" encoding="UTF-8"?>
<!-- Generated by org.testng.reporters.JUnitReportReporter -->
<testsuite hostname="DESKTOP-S76SA9N" failures="0" tests="5" name="com.nexsoft.test.CreateEventTest" time="37.730" errors="0" timestamp="2022-06-23T20:57:24 ICT" skipped="1">
  <testcase classname="com.nexsoft.test.CreateEventTest" name="createEvent1" time="18.159"/>
  <system-out/>
  <testcase classname="com.nexsoft.test.CreateEventTest" name="createEvent2" time="18.156"/>
  <system-out/>
  <testcase classname="com.nexsoft.test.CreateEventTest" name="getEventName" time="1.340"/>
  <system-out/>
  <testcase classname="com.nexsoft.test.CreateEventTest" name="getEventListName" time="0.075"/>
  <system-out/>
  <testcase classname="com.nexsoft.test.CreateEventTest" name="createEventTest">
    <skipped/>
  </testcase> <!-- createEventTest -->
  <system-out/>
</testsuite> <!-- com.nexsoft.test.CreateEventTest -->
