<?xml version="1.0" encoding="UTF-8"?>
<!-- Generated by org.testng.reporters.JUnitReportReporter -->
<testsuite hostname="DESKTOP-S76SA9N" failures="0" tests="4" name="com.nexsoft.test.CreateEventTest" time="40.555" errors="0" timestamp="2022-06-23T08:24:10 ICT" skipped="1">
  <testcase classname="com.nexsoft.test.CreateEventTest" name="createEvent1" time="18.772"/>
  <system-out/>
  <testcase classname="com.nexsoft.test.CreateEventTest" name="createEvent2" time="20.120"/>
  <system-out/>
  <testcase classname="com.nexsoft.test.CreateEventTest" name="getEventName" time="1.663"/>
  <system-out/>
  <testcase classname="com.nexsoft.test.CreateEventTest" name="createEventTest">
    <skipped/>
  </testcase> <!-- createEventTest -->
  <system-out/>
</testsuite> <!-- com.nexsoft.test.CreateEventTest -->
