<?xml version="1.0" encoding="UTF-8"?>
<!-- Generated by org.testng.reporters.JUnitReportReporter -->
<testsuite hostname="DESKTOP-S76SA9N" failures="0" tests="2" name="com.nexsoft.test.CreateEventTest" time="18.605" errors="0" timestamp="2022-06-22T14:15:47 ICT" skipped="0">
  <testcase classname="com.nexsoft.test.CreateEventTest" name="addEvent" time="1.297"/>
  <system-out/>
  <testcase classname="com.nexsoft.test.CreateEventTest" name="createEvent" time="17.308"/>
  <system-out/>
</testsuite> <!-- com.nexsoft.test.CreateEventTest -->
